
> strawberry-showcase@0.1.0 build
> next build

Γû▓ Next.js 16.1.6 (Turbopack)
- Environments: .env.local

  Creating an optimized production build ...
Γ£ô Compiled successfully in 11.1s
  Running TypeScript ...
node.exe : Failed to compile.
At line:1 char:1
+ & "C:\Program Files\nodejs/node.exe" 
"C:\Program Files\nodejs/node_mo ...
+ ~~~~~~~~~~~~~~~~~~~~~~~~~~~~~~~~~~~~~~~~~~~~~~~~
~~~~~~~~~~~~~~~~~~~~~
    + CategoryInfo          : NotSpecified: (Fail 
   ed to compile.:String) [], RemoteException
    + FullyQualifiedErrorId : NativeCommandError
 

./_deploy_backup/login/page.tsx:1:23
Type error: Cannot find module 
'@/app/login/actions' or its corresponding type 
declarations.

[0m[31m[1m>[22m[39m[90m 1 |[39m 
[36mimport[39m { login } [36mfrom[39m 
[32m'@/app/login/actions'[39m
 [90m   |[39m                       
[31m[1m^[22m[39m
 [90m 2 |[39m [36mimport[39m [33mLink[39m 
[36mfrom[39m [32m'next/link'[39m
 [90m 3 |[39m
 [90m 4 |[39m type [33mProps[39m [33m=[39m 
{[0m
Next.js build worker exited with code: 1 and 
signal: null
